[Sat, Nov 30, 2024  9:46:12 PM] Downloading KubeEdge v1.12.1
[Sat, Nov 30, 2024  9:46:34 PM] Extracting KubeEdge binaries
[Sat, Nov 30, 2024  9:46:35 PM] Setting up KubeEdge components
[Sat, Nov 30, 2024  9:47:06 PM] Downloading KubeEdge v1.12.1
[Sat, Nov 30, 2024  9:47:31 PM] Downloading KubeEdge v1.12.1
[Sat, Nov 30, 2024  9:47:43 PM] Extracting KubeEdge binaries
[Sat, Nov 30, 2024  9:47:45 PM] Setting up KubeEdge components
[Sat, Nov 30, 2024  9:49:47 PM] Downloading KubeEdge v1.12.1
[Sat, Nov 30, 2024  9:50:16 PM] Extracting KubeEdge binaries
[Sat, Nov 30, 2024  9:50:18 PM] Setting up KubeEdge components
[Sat Nov 30 16:30:59 UTC 2024] Downloading KubeEdge v1.12.1
[Sat Nov 30 16:31:52 UTC 2024] Extracting KubeEdge binaries
[Sat Nov 30 16:31:55 UTC 2024] Setting up KubeEdge components
[Sat Nov 30 16:32:27 UTC 2024] Downloading KubeEdge v1.12.1
[Sat Nov 30 16:33:09 UTC 2024] Extracting KubeEdge binaries
[Sat Nov 30 16:33:12 UTC 2024] Setting up KubeEdge components
[Sat Nov 30 16:38:01 UTC 2024] Downloading KubeEdge v1.12.1
[Sat Nov 30 16:38:55 UTC 2024] Extracting KubeEdge binaries
[Sat Nov 30 16:38:58 UTC 2024] Setting up KubeEdge components
[Sat Nov 30 16:38:59 UTC 2024] KubeEdge installation complete
